<?xml version="1.0" encoding="UTF-8"?>
<testsuite xmlns:xsi="http://www.w3.org/2001/XMLSchema-instance" xsi:noNamespaceSchemaLocation="https://maven.apache.org/surefire/maven-surefire-plugin/xsd/surefire-test-report-3.0.xsd" version="3.0" name="com.vytrack.runners.CucumberRunner" time="6.148" tests="46" errors="0" skipped="0" failures="0">
  <properties>
[...]
</properties>
  <testcase name="creating new contact" classname="As user, I want to be able to create calendar events #1" time="0.854"/>
  <testcase name="creating new contact 2" classname="As user, I want to be able to create calendar events #1" time="0.063"/>
  <testcase name="creating new contacts #1" classname="As user, I want to be able to create calendar events #1" time="0.03"/>
  <testcase name="creating new contacts #2" classname="As user, I want to be able to create calendar events #1" time="0.037"/>
  <testcase name="creating new contacts #3" classname="As user, I want to be able to create calendar events #1" time="0.043"/>
  <testcase name="creating new contacts2 #1" classname="As user, I want to be able to create calendar events #1" time="0.067"/>
  <testcase name="creating new contacts2 #2" classname="As user, I want to be able to create calendar events #1" time="0.068"/>
  <testcase name="creating new contacts2 #3" classname="As user, I want to be able to create calendar events #1" time="0.044"/>
  <testcase name="selecting option from Quick Launchpad" classname="As a user I want to choose different options" time="0.043"/>
  <testcase name="Choosing options from Quick Launchpad #1" classname="As a user I want to choose different options" time="0.037"/>
  <testcase name="Choosing options from Quick Launchpad #2" classname="As a user I want to choose different options" time="0.022"/>
  <testcase name="Choosing options from Quick Launchpad #3" classname="As a user I want to choose different options" time="0.036"/>
  <testcase name="Quick launchpad icons" classname="As a user I want to choose different options" time="0.018"/>
  <testcase name="Quick launchpad all icons #1" classname="As a user I want to choose different options" time="0.045"/>
  <testcase name="Quick launchpad all icons #2" classname="As a user I want to choose different options" time="0.032"/>
  <testcase name="Quick launchpad all icons #3" classname="As a user I want to choose different options" time="0.075"/>
  <testcase name="Login as a sales manger" classname="As user I want to be able to login under different roles" time="0.045"/>
  <testcase name="Parametrized login" classname="As user I want to be able to login under different roles" time="0.029"/>
  <testcase name="Invalid password" classname="As user I want to be able to login under different roles" time="0.035"/>
  <testcase name="Create calendar event with default time" classname="As user, I want to be able to create calendar events #2" time="0.017"/>
  <testcase name="Verify hover options" classname="As user, I want to be able to create calendar events #2" time="0.024"/>
  <testcase name="deselecting options" classname="As user, I want to be able to create calendar events #2" time="0.064"/>
  <testcase name="savings options" classname="As user, I want to be able to create calendar events #2" time="0.027"/>
  <testcase name="canceling creation of new event" classname="As user, I want to be able to create calendar events #2" time="0.041"/>
  <testcase name="Event should last one hour exactly" classname="As user, I want to be able to create calendar events #2" time="0.01"/>
  <testcase name="Event should end after one hour" classname="As user, I want to be able to create calendar events #2" time="0.017"/>
  <testcase name="When all day checkbox is selected time disappears" classname="As user, I want to be able to create calendar events #2" time="0.04"/>
  <testcase name="repeat options" classname="As user, I want to be able to create calendar events #2" time="0.021"/>
  <testcase name="default options" classname="As user, I want to be able to create calendar events #2" time="0.039"/>
  <testcase name="ends after" classname="As user, I want to be able to create calendar events #2" time="0.044"/>
  <testcase name="ends by date" classname="As user, I want to be able to create calendar events #2" time="0.021"/>
  <testcase name="verify days repeating" classname="As user, I want to be able to create calendar events #2" time="0.033"/>
  <testcase name="1. Add some car" classname="As user, I want to be able to create new cars" time="0.02"/>
  <testcase name="Add some car with BG 111 NM plates and 2020 year" classname="As user, I want to be able to create new cars" time="0.024"/>
  <testcase name="Add some car with NAQTN8 plates and 2021 year" classname="As user, I want to be able to create new cars" time="0.037"/>
  <testcase name="Add some car with DP007 plates and 2018 year" classname="As user, I want to be able to create new cars" time="0.031"/>
  <testcase name="Add some car with VW plates and 2017 year" classname="As user, I want to be able to create new cars" time="0.016"/>
  <testcase name="Add some model" classname="As user, I want to be able to add new models" time="0.028"/>
  <testcase name="Add some Volkswagen and Touareg" classname="As user, I want to be able to add new models" time="0.038"/>
  <testcase name="Add some Bmw and 750li" classname="As user, I want to be able to add new models" time="0.025"/>
  <testcase name="Add some Bmw and 540I" classname="As user, I want to be able to add new models" time="0.05"/>
  <testcase name="creating new opportunity" classname="As user, I want to be able to create calendar events #3" time="0.031"/>
  <testcase name="creating new opportunity tc2" classname="As user, I want to be able to create calendar events #3" time="0.024"/>
  <testcase name="creating new opportunity tc3" classname="As user, I want to be able to create calendar events #3" time="0.014"/>
  <testcase name="creating new opportunity tc3 outline #1" classname="As user, I want to be able to create calendar events #3" time="0.015"/>
  <testcase name="creating new opportunity tc3 outline #2" classname="As user, I want to be able to create calendar events #3" time="0.047"/>
</testsuite>